<?xml version="1.0" encoding="UTF-8"?>
<testng-results ignored="0" total="1" passed="1" failed="0" skipped="0">
  <reporter-output>
  </reporter-output>
  <suite started-at="2022-01-29T08:19:05 UTC" name="Default suite" finished-at="2022-01-29T08:20:22 UTC" duration-ms="77071">
    <groups>
    </groups>
    <test started-at="2022-01-29T08:19:05 UTC" name="Default test" finished-at="2022-01-29T08:20:22 UTC" duration-ms="77071">
      <class name="com.aspire.qa.testCase.AspireAppTest">
        <test-method is-config="true" signature="setUp()[pri:0, instance:com.aspire.qa.testCase.AspireAppTest@52e6fdee]" started-at="2022-01-29T08:19:05 UTC" name="setUp" finished-at="2022-01-29T08:19:13 UTC" duration-ms="8811" status="PASS">
          <reporter-output>
          </reporter-output>
        </test-method> <!-- setUp -->
        <test-method signature="LoginUserWithInventoryAndManufacturingTest()[pri:0, instance:com.aspire.qa.testCase.AspireAppTest@52e6fdee]" started-at="2022-01-29T08:19:13 UTC" name="LoginUserWithInventoryAndManufacturingTest" finished-at="2022-01-29T08:20:20 UTC" duration-ms="66900" status="PASS">
          <reporter-output>
          </reporter-output>
        </test-method> <!-- LoginUserWithInventoryAndManufacturingTest -->
        <test-method is-config="true" signature="tearDown()[pri:0, instance:com.aspire.qa.testCase.AspireAppTest@52e6fdee]" started-at="2022-01-29T08:20:20 UTC" name="tearDown" finished-at="2022-01-29T08:20:22 UTC" duration-ms="1283" status="PASS">
          <reporter-output>
          </reporter-output>
        </test-method> <!-- tearDown -->
      </class> <!-- com.aspire.qa.testCase.AspireAppTest -->
    </test> <!-- Default test -->
  </suite> <!-- Default suite -->
</testng-results>
